<?xml version="1.0" encoding="UTF-8"?>
<testsuite xmlns:xsi="http://www.w3.org/2001/XMLSchema-instance" xsi:noNamespaceSchemaLocation="https://maven.apache.org/surefire/maven-surefire-plugin/xsd/surefire-test-report-3.0.xsd" version="3.0" name="MessageTest" time="0.087" tests="9" errors="0" skipped="0" failures="0">
  <properties>
    <property name="java.specification.version" value="23"/>
    <property name="sun.cpu.isalist" value="amd64"/>
    <property name="sun.jnu.encoding" value="Cp1252"/>
    <property name="java.class.path" value="C:\Users\mushw\Documents\NetBeansProjects\ChatApp\target\test-classes;C:\Users\mushw\Documents\NetBeansProjects\ChatApp\target\classes;C:\Users\mushw\.m2\repository\org\junit\jupiter\junit-jupiter-api\5.10.3\junit-jupiter-api-5.10.3.jar;C:\Users\mushw\.m2\repository\org\opentest4j\opentest4j\1.3.0\opentest4j-1.3.0.jar;C:\Users\mushw\.m2\repository\org\junit\platform\junit-platform-commons\1.10.3\junit-platform-commons-1.10.3.jar;C:\Users\mushw\.m2\repository\org\apiguardian\apiguardian-api\1.1.2\apiguardian-api-1.1.2.jar;C:\Users\mushw\.m2\repository\org\junit\jupiter\junit-jupiter-params\5.10.3\junit-jupiter-params-5.10.3.jar;C:\Users\mushw\.m2\repository\org\junit\jupiter\junit-jupiter-engine\5.10.3\junit-jupiter-engine-5.10.3.jar;C:\Users\mushw\.m2\repository\org\junit\platform\junit-platform-engine\1.10.3\junit-platform-engine-1.10.3.jar;C:\Users\mushw\.m2\repository\org\json\json\20231013\json-20231013.jar;C:\Users\mushw\.m2\repository\aspectwerkz\aspectwerkz-jdk14\2.0\aspectwerkz-jdk14-2.0.jar;"/>
    <property name="java.vm.vendor" value="Oracle Corporation"/>
    <property name="sun.arch.data.model" value="64"/>
    <property name="user.variant" value=""/>
    <property name="java.vendor.url" value="https://java.oracle.com/"/>
    <property name="user.timezone" value="Africa/Johannesburg"/>
    <property name="os.name" value="Windows 11"/>
    <property name="java.vm.specification.version" value="23"/>
    <property name="user.country" value="ZA"/>
    <property name="sun.java.launcher" value="SUN_STANDARD"/>
    <property name="sun.boot.library.path" value="C:\Program Files\Java\jdk-23\bin"/>
    <property name="sun.java.command" value="C:\Users\mushw\AppData\Local\Temp\surefire8562210312635027485\surefirebooter-20250526220407041_3.jar C:\Users\mushw\AppData\Local\Temp\surefire8562210312635027485 2025-05-26T22-04-06_893-jvmRun1 surefire-20250526220407041_1tmp surefire_0-20250526220407041_2tmp"/>
    <property name="jdk.debug" value="release"/>
    <property name="test" value="MessageTest"/>
    <property name="surefire.test.class.path" value="C:\Users\mushw\Documents\NetBeansProjects\ChatApp\target\test-classes;C:\Users\mushw\Documents\NetBeansProjects\ChatApp\target\classes;C:\Users\mushw\.m2\repository\org\junit\jupiter\junit-jupiter-api\5.10.3\junit-jupiter-api-5.10.3.jar;C:\Users\mushw\.m2\repository\org\opentest4j\opentest4j\1.3.0\opentest4j-1.3.0.jar;C:\Users\mushw\.m2\repository\org\junit\platform\junit-platform-commons\1.10.3\junit-platform-commons-1.10.3.jar;C:\Users\mushw\.m2\repository\org\apiguardian\apiguardian-api\1.1.2\apiguardian-api-1.1.2.jar;C:\Users\mushw\.m2\repository\org\junit\jupiter\junit-jupiter-params\5.10.3\junit-jupiter-params-5.10.3.jar;C:\Users\mushw\.m2\repository\org\junit\jupiter\junit-jupiter-engine\5.10.3\junit-jupiter-engine-5.10.3.jar;C:\Users\mushw\.m2\repository\org\junit\platform\junit-platform-engine\1.10.3\junit-platform-engine-1.10.3.jar;C:\Users\mushw\.m2\repository\org\json\json\20231013\json-20231013.jar;C:\Users\mushw\.m2\repository\aspectwerkz\aspectwerkz-jdk14\2.0\aspectwerkz-jdk14-2.0.jar;"/>
    <property name="sun.cpu.endian" value="little"/>
    <property name="user.home" value="C:\Users\mushw"/>
    <property name="user.language" value="en"/>
    <property name="java.specification.vendor" value="Oracle Corporation"/>
    <property name="java.version.date" value="2024-10-15"/>
    <property name="java.home" value="C:\Program Files\Java\jdk-23"/>
    <property name="file.separator" value="\"/>
    <property name="basedir" value="C:\Users\mushw\Documents\NetBeansProjects\ChatApp"/>
    <property name="java.vm.compressedOopsMode" value="Zero based"/>
    <property name="line.separator" value="&#10;"/>
    <property name="java.vm.specification.vendor" value="Oracle Corporation"/>
    <property name="java.specification.name" value="Java Platform API Specification"/>
    <property name="surefire.real.class.path" value="C:\Users\mushw\AppData\Local\Temp\surefire8562210312635027485\surefirebooter-20250526220407041_3.jar"/>
    <property name="user.script" value=""/>
    <property name="sun.management.compiler" value="HotSpot 64-Bit Tiered Compilers"/>
    <property name="java.runtime.version" value="23.0.1+11-39"/>
    <property name="user.name" value="mushw"/>
    <property name="stdout.encoding" value="Cp1252"/>
    <property name="path.separator" value=";"/>
    <property name="os.version" value="10.0"/>
    <property name="java.runtime.name" value="Java(TM) SE Runtime Environment"/>
    <property name="file.encoding" value="UTF-8"/>
    <property name="java.vm.name" value="Java HotSpot(TM) 64-Bit Server VM"/>
    <property name="maven.ext.class.path" value="C:\Program Files\NetBeans-25\netbeans\java\maven-nblib\netbeans-eventspy.jar"/>
    <property name="localRepository" value="C:\Users\mushw\.m2\repository"/>
    <property name="java.vendor.url.bug" value="https://bugreport.java.com/bugreport/"/>
    <property name="java.io.tmpdir" value="C:\Users\mushw\AppData\Local\Temp\"/>
    <property name="java.version" value="23.0.1"/>
    <property name="user.dir" value="C:\Users\mushw\Documents\NetBeansProjects\ChatApp"/>
    <property name="os.arch" value="amd64"/>
    <property name="java.vm.specification.name" value="Java Virtual Machine Specification"/>
    <property name="sun.os.patch.level" value=""/>
    <property name="native.encoding" value="Cp1252"/>
    <property name="java.library.path" value="C:\Program Files\Java\jdk-23\bin;C:\WINDOWS\Sun\Java\bin;C:\WINDOWS\system32;C:\WINDOWS;C:\Program Files\Common Files\Oracle\Java\javapath;C:\Program Files (x86)\Common Files\Oracle\Java\java8path;C:\Program Files (x86)\Common Files\Oracle\Java\javapath;C:\WINDOWS\system32;C:\WINDOWS;C:\WINDOWS\System32\Wbem;C:\WINDOWS\System32\WindowsPowerShell\v1.0\;C:\WINDOWS\System32\OpenSSH\;C:\Users\mushw\AppData\Local\Microsoft\WindowsApps;C:\Users\mushw\AppData\Local\Programs\Microsoft VS Code\bin;."/>
    <property name="java.vm.info" value="mixed mode, sharing"/>
    <property name="stderr.encoding" value="Cp1252"/>
    <property name="java.vendor" value="Oracle Corporation"/>
    <property name="java.vm.version" value="23.0.1+11-39"/>
    <property name="sun.io.unicode.encoding" value="UnicodeLittle"/>
    <property name="java.class.version" value="67.0"/>
  </properties>
  <testcase name="testValidateMessageLength" classname="MessageTest" time="0.039"/>
  <testcase name="testStaticContentValidation" classname="MessageTest" time="0.002"/>
  <testcase name="testRecipientValidationMessage" classname="MessageTest" time="0.001"/>
  <testcase name="testStoreMessage" classname="MessageTest" time="0.005">
    <system-out><![CDATA[Stored message (JSON): {"numMessagesSent":5,"recipient":"+27821234567","messageId":"1248031591","messageHash":"12:2-storethis","isSent":false,"isStored":true,"content":"Store this"}
]]></system-out>
  </testcase>
  <testcase name="testCheckRecipientCell" classname="MessageTest" time="0.001"/>
  <testcase name="testSendMessage" classname="MessageTest" time="0.001">
    <system-out><![CDATA[Stored message (JSON): {"numMessagesSent":9,"recipient":"+27821234567","messageId":"1561544702","messageHash":"15:2-sendthis","isSent":false,"isStored":true,"content":"Send this"}
]]></system-out>
  </testcase>
  <testcase name="testMessageCreationAndID" classname="MessageTest" time="0.002"/>
  <testcase name="testToJSON" classname="MessageTest" time="0.002"/>
  <testcase name="testCreateMessageHash" classname="MessageTest" time="0.001"/>
</testsuite>